<?xml version="1.0" encoding="UTF-8"?>
<!-- Generated by org.testng.reporters.JUnitXMLReporter -->
<testsuite ignored="0" hostname="LAPTOP-GCBL1CQC" failures="0" tests="7" name="Default test" time="22.311" errors="0" timestamp="2023-05-15T17:34:01 EDT">
  <testcase classname="com.BDDCucumber.testRunner.TestRunnerClass" name="product_page" time="1.294"/>
  <testcase classname="com.BDDCucumber.testRunner.TestRunnerClass" name="select_item_To_purchase" time="4.062"/>
  <testcase classname="com.BDDCucumber.testRunner.TestRunnerClass" name="click_add_to_cart_button" time="2.249"/>
  <testcase classname="com.BDDCucumber.testRunner.TestRunnerClass" name="check_item_in_the_cart" time="1.559"/>
  <testcase classname="com.BDDCucumber.testRunner.TestRunnerClass" name="cart_page" time="1.336"/>
  <testcase classname="com.BDDCucumber.testRunner.TestRunnerClass" name="remove_item_from_cart" time="0.189"/>
  <testcase classname="com.BDDCucumber.testRunner.TestRunnerClass" name="check_item_remove_from_cart" time="0.881"/>
</testsuite> <!-- Default test -->
